<?xml version="1.0" encoding="UTF-8"?>
<!-- Generated by org.testng.reporters.JUnitReportReporter -->
<testsuite skipped="0" hostname="DESKTOP-RL7I7P6" name="com.admin.qa.testcases.LoginTest" tests="3" failures="0" timestamp="28 Apr 2020 12:34:02 GMT" time="2.484" errors="0">
  <testcase name="checklogin" time="2.419" classname="com.admin.qa.testcases.LoginTest"/>
  <testcase name="checktitle" time="0.015" classname="com.admin.qa.testcases.LoginTest"/>
  <testcase name="checklogo" time="0.050" classname="com.admin.qa.testcases.LoginTest"/>
</testsuite> <!-- com.admin.qa.testcases.LoginTest -->
